<?xml version="1.0" encoding="UTF-8"?>
<testng-results ignored="0" total="1" passed="1" failed="0" skipped="0">
  <reporter-output>
  </reporter-output>
  <suite started-at="2021-05-21T13:30:19 IST" name="Default suite" finished-at="2021-05-21T13:31:40 IST" duration-ms="80477">
    <groups>
    </groups>
    <test started-at="2021-05-21T13:30:19 IST" name="Default test" finished-at="2021-05-21T13:31:40 IST" duration-ms="80477">
      <class name="testrunner.YlightingRunner">
        <test-method is-config="true" signature="beforeMethod()[pri:0, instance:testrunner.YlightingRunner@115667d]" started-at="2021-05-21T13:30:20 IST" name="beforeMethod" finished-at="2021-05-21T13:30:23 IST" duration-ms="3973" status="PASS">
          <reporter-output>
          </reporter-output>
        </test-method> <!-- beforeMethod -->
        <test-method signature="TC1_CreateAccount()[pri:0, instance:testrunner.YlightingRunner@115667d]" started-at="2021-05-21T13:30:23 IST" name="TC1_CreateAccount" finished-at="2021-05-21T13:31:40 IST" duration-ms="76382" status="PASS">
          <reporter-output>
          </reporter-output>
        </test-method> <!-- TC1_CreateAccount -->
      </class> <!-- testrunner.YlightingRunner -->
    </test> <!-- Default test -->
  </suite> <!-- Default suite -->
</testng-results>
