<?xml version="1.0" encoding="UTF-8"?>
<testng-results ignored="0" total="1" passed="1" failed="0" skipped="0">
  <reporter-output>
  </reporter-output>
  <suite started-at="2021-05-19T13:08:18 IST" name="Default suite" finished-at="2021-05-19T13:09:21 IST" duration-ms="62577">
    <groups>
    </groups>
    <test started-at="2021-05-19T13:08:18 IST" name="Default test" finished-at="2021-05-19T13:09:21 IST" duration-ms="62577">
      <class name="testrunner.YlightingRunner">
        <test-method is-config="true" signature="beforeMethod()[pri:0, instance:testrunner.YlightingRunner@115667d]" started-at="2021-05-19T13:08:18 IST" name="beforeMethod" finished-at="2021-05-19T13:08:21 IST" duration-ms="3146" status="PASS">
          <reporter-output>
          </reporter-output>
        </test-method> <!-- beforeMethod -->
        <test-method signature="TC18_Logo()[pri:17, instance:testrunner.YlightingRunner@115667d]" started-at="2021-05-19T13:08:21 IST" name="TC18_Logo" finished-at="2021-05-19T13:09:21 IST" duration-ms="59282" status="PASS">
          <reporter-output>
          </reporter-output>
        </test-method> <!-- TC18_Logo -->
      </class> <!-- testrunner.YlightingRunner -->
    </test> <!-- Default test -->
  </suite> <!-- Default suite -->
</testng-results>
